0 info it worked if it ends with ok
1 verbose cli [ '/usr/bin/node', '/usr/bin/npm', '-g', 'install', 'roslib' ]
2 info using npm@1.4.28
3 info using node@v0.10.33
4 verbose node symlink /usr/bin/node
5 verbose cache add [ 'roslib', null ]
6 verbose cache add name=undefined spec="roslib" args=["roslib",null]
7 verbose parsed url { protocol: null,
7 verbose parsed url   slashes: null,
7 verbose parsed url   auth: null,
7 verbose parsed url   host: null,
7 verbose parsed url   port: null,
7 verbose parsed url   hostname: null,
7 verbose parsed url   hash: null,
7 verbose parsed url   search: null,
7 verbose parsed url   query: null,
7 verbose parsed url   pathname: 'roslib',
7 verbose parsed url   path: 'roslib',
7 verbose parsed url   href: 'roslib' }
8 silly lockFile 28d7c2f9-roslib roslib
9 verbose lock roslib /home/kendemu/.npm/28d7c2f9-roslib.lock
10 silly lockFile 28d7c2f9-roslib roslib
11 silly lockFile 28d7c2f9-roslib roslib
12 verbose addNamed [ 'roslib', '' ]
13 verbose addNamed [ null, '*' ]
14 silly lockFile 8039b484-roslib roslib@
15 verbose lock roslib@ /home/kendemu/.npm/8039b484-roslib.lock
16 silly addNameRange { name: 'roslib', range: '*', hasData: false }
17 verbose request where is /roslib
18 verbose request registry https://registry.npmjs.org/
19 verbose request id 8846a3bb4ba2fe7e
20 verbose url raw /roslib
21 verbose url resolving [ 'https://registry.npmjs.org/', './roslib' ]
22 verbose url resolved https://registry.npmjs.org/roslib
23 verbose request where is https://registry.npmjs.org/roslib
24 info trying registry request attempt 1 at 20:40:04
25 verbose etag "46TNMKO09VE2MLXJCXFYDXTWG"
26 http GET https://registry.npmjs.org/roslib
27 http 304 https://registry.npmjs.org/roslib
28 silly registry.get cb [ 304,
28 silly registry.get   { date: 'Wed, 25 Mar 2015 11:40:04 GMT',
28 silly registry.get     server: 'Apache',
28 silly registry.get     via: '1.1 varnish',
28 silly registry.get     'last-modified': 'Wed, 25 Mar 2015 11:40:04 GMT',
28 silly registry.get     'cache-control': 'max-age=60',
28 silly registry.get     etag: '"46TNMKO09VE2MLXJCXFYDXTWG"',
28 silly registry.get     age: '0',
28 silly registry.get     'x-served-by': 'cache-nrt6121-NRT',
28 silly registry.get     'x-cache': 'HIT',
28 silly registry.get     'x-cache-hits': '1',
28 silly registry.get     'x-timer': 'S1427283604.321505,VS0,VE108',
28 silly registry.get     vary: 'Accept',
28 silly registry.get     'content-length': '0',
28 silly registry.get     'keep-alive': 'timeout=10, max=50',
28 silly registry.get     connection: 'Keep-Alive' } ]
29 verbose etag https://registry.npmjs.org/roslib from cache
30 silly addNameRange number 2 { name: 'roslib', range: '*', hasData: true }
31 silly addNameRange versions [ 'roslib',
31 silly addNameRange   [ '0.7.0',
31 silly addNameRange     '0.7.1',
31 silly addNameRange     '0.8.0',
31 silly addNameRange     '0.8.1',
31 silly addNameRange     '0.8.2',
31 silly addNameRange     '0.8.3',
31 silly addNameRange     '0.9.0',
31 silly addNameRange     '0.9.1',
31 silly addNameRange     '0.10.0',
31 silly addNameRange     '0.12.0',
31 silly addNameRange     '0.13.0' ] ]
32 verbose addNamed [ 'roslib', '0.13.0' ]
33 verbose addNamed [ '0.13.0', '0.13.0' ]
34 silly lockFile 2d2c340d-roslib-0-13-0 roslib@0.13.0
35 verbose lock roslib@0.13.0 /home/kendemu/.npm/2d2c340d-roslib-0-13-0.lock
36 silly lockFile 2d2c340d-roslib-0-13-0 roslib@0.13.0
37 silly lockFile 2d2c340d-roslib-0-13-0 roslib@0.13.0
38 silly lockFile 8039b484-roslib roslib@
39 silly lockFile 8039b484-roslib roslib@
40 silly resolved [ { name: 'roslib',
40 silly resolved     homepage: 'https://www.robotwebtools.org',
40 silly resolved     description: 'The standard ROS Javascript Library',
40 silly resolved     version: '0.13.0',
40 silly resolved     license: 'BSD',
40 silly resolved     main: './src/RosLibNode.js',
40 silly resolved     browser: './src/RosLib.js',
40 silly resolved     devDependencies:
40 silly resolved      { grunt: '~0.4.1',
40 silly resolved        'grunt-browserify': '^3.0.1',
40 silly resolved        'grunt-contrib-clean': '~0.4.0',
40 silly resolved        'grunt-contrib-jshint': '^0.10.0',
40 silly resolved        'grunt-contrib-uglify': '~0.2.0',
40 silly resolved        'grunt-contrib-watch': '~0.3.1',
40 silly resolved        'grunt-jsdoc': '~0.6.0',
40 silly resolved        'grunt-karma': '^0.9.0',
40 silly resolved        'grunt-mocha-test': '^0.11.0',
40 silly resolved        'karma-chai': '^0.1.0',
40 silly resolved        'karma-firefox-launcher': '~0.1.3',
40 silly resolved        'karma-mocha': '^0.1.9',
40 silly resolved        'load-grunt-tasks': '^0.6.0',
40 silly resolved        'time-grunt': '^1.0.0' },
40 silly resolved     dependencies:
40 silly resolved      { 'aliasify-patch': '^1.4.1',
40 silly resolved        canvas: '1.1.3',
40 silly resolved        eventemitter2: '~0.4.13',
40 silly resolved        'object-assign': '^2.0.0',
40 silly resolved        ws: '^0.4.32',
40 silly resolved        xmlshim: '~0.0.9' },
40 silly resolved     browserify: { transform: [Object] },
40 silly resolved     aliasify: { aliases: [Object] },
40 silly resolved     directories: { example: 'examples', test: 'test' },
40 silly resolved     engines: { node: '>=0.10' },
40 silly resolved     scripts:
40 silly resolved      { test: 'grunt test',
40 silly resolved        'test-examples': 'grunt mochaTest:examples && karma start test/examples/karma.conf.js',
40 silly resolved        'test-tcp': 'grunt mochaTest:tcp',
40 silly resolved        publish: 'grunt build',
40 silly resolved        preinstall: 'sh misc/install.sh' },
40 silly resolved     repository:
40 silly resolved      { type: 'git',
40 silly resolved        url: 'https://github.com/RobotWebTools/roslibjs/releases' },
40 silly resolved     bugs: { url: 'https://github.com/RobotWebTools/roslibjs/issues' },
40 silly resolved     keywords: [ 'ROS', 'ros', 'roslib', 'roslibjs', 'robot' ],
40 silly resolved     author:
40 silly resolved      { name: 'Robot Webtools Team',
40 silly resolved        email: 'robot-web-tools@googlegroups.com',
40 silly resolved        url: 'http://robotwebtools.org' },
40 silly resolved     gitHead: 'e02e2a194aede2404f98a2b8f37a0a40587115b8',
40 silly resolved     _id: 'roslib@0.13.0',
40 silly resolved     _shasum: '7c2dc5f54734593b7e694db7ba7d4a468f36b240',
40 silly resolved     _from: 'roslib@',
40 silly resolved     _npmVersion: '1.4.27',
40 silly resolved     _npmUser: { name: 'jihoonl', email: 'jihoonlee.in@gmail.com' },
40 silly resolved     maintainers: [ [Object] ],
40 silly resolved     dist:
40 silly resolved      { shasum: '7c2dc5f54734593b7e694db7ba7d4a468f36b240',
40 silly resolved        tarball: 'http://registry.npmjs.org/roslib/-/roslib-0.13.0.tgz' },
40 silly resolved     _resolved: 'https://registry.npmjs.org/roslib/-/roslib-0.13.0.tgz',
40 silly resolved     readme: 'ERROR: No README data found!' } ]
41 info install roslib@0.13.0 into /usr/lib
42 info installOne roslib@0.13.0
43 verbose lib/node_modules/roslib unbuild
44 verbose tar unpack /home/kendemu/.npm/roslib/0.13.0/package.tgz
45 silly lockFile 22ea8dfd-tar-usr-lib-node-modules-roslib tar:///usr/lib/node_modules/roslib
46 verbose lock tar:///usr/lib/node_modules/roslib /home/kendemu/.npm/22ea8dfd-tar-usr-lib-node-modules-roslib.lock
47 silly lockFile 7ca72187-mu-npm-roslib-0-13-0-package-tgz tar:///home/kendemu/.npm/roslib/0.13.0/package.tgz
48 verbose lock tar:///home/kendemu/.npm/roslib/0.13.0/package.tgz /home/kendemu/.npm/7ca72187-mu-npm-roslib-0-13-0-package-tgz.lock
49 silly gunzTarPerm modes [ '775', '664' ]
50 error Error: EACCES, mkdir '/usr/lib/node_modules/roslib'
50 error  { [Error: EACCES, mkdir '/usr/lib/node_modules/roslib']
50 error   errno: 3,
50 error   code: 'EACCES',
50 error   path: '/usr/lib/node_modules/roslib',
50 error   fstream_type: 'Directory',
50 error   fstream_path: '/usr/lib/node_modules/roslib',
50 error   fstream_class: 'DirWriter',
50 error   fstream_stack:
50 error    [ '/usr/lib/node_modules/npm/node_modules/fstream/lib/dir-writer.js:36:23',
50 error      '/usr/lib/node_modules/npm/node_modules/mkdirp/index.js:46:53',
50 error      'Object.oncomplete (fs.js:107:15)' ] }
51 error Please try running this command again as root/Administrator.
52 error System Linux 3.13.0-45-generic
53 error command "/usr/bin/node" "/usr/bin/npm" "-g" "install" "roslib"
54 error cwd /home/kendemu/kensei_workspace/drone_workspace/icarus_server
55 error node -v v0.10.33
56 error npm -v 1.4.28
57 error path /usr/lib/node_modules/roslib
58 error fstream_path /usr/lib/node_modules/roslib
59 error fstream_type Directory
60 error fstream_class DirWriter
61 error code EACCES
62 error errno 3
63 error stack Error: EACCES, mkdir '/usr/lib/node_modules/roslib'
64 error fstream_stack /usr/lib/node_modules/npm/node_modules/fstream/lib/dir-writer.js:36:23
64 error fstream_stack /usr/lib/node_modules/npm/node_modules/mkdirp/index.js:46:53
64 error fstream_stack Object.oncomplete (fs.js:107:15)
65 verbose exit [ 3, true ]
